<?xml version="1.0" encoding="UTF-8"?>
<TestRun id="023c6d6f-8102-40a6-9e3f-fe35137aa816" name="k.nguyen@KEN-006 2013-10-09 20:41:14" runUser="KEN-006\k.nguyen" xmlns="http://microsoft.com/schemas/VisualStudio/TeamTest/2006">
  <TestRunConfiguration name="Local Test Run" id="0f35ceb9-5ee1-4249-8e3b-9c879c827d3b">
    <Description>This is a default test run configuration for a local test run.</Description>
    <Deployment runDeploymentRoot="C:\Documents and Settings\Administrator\My Documents\Visual Studio 2008\Projects\KNguyenSampleCode\TestResults\k.nguyen_KEN-006 2013-10-09 20_41_14">
      <DeploymentItem filename="C:\Documents and Settings\Administrator\My Documents\Visual Studio 2008\Projects\KNguyenSampleCode\bin\Debug\KNguyenSampleCode.exe" />
    </Deployment>
    <TestTypeSpecific />
  </TestRunConfiguration>
  <ResultSummary outcome="Failed">
    <Counters total="1" executed="1" error="0" failed="1" timeout="0" aborted="0" inconclusive="0" passedButRunAborted="0" notRunnable="0" notExecuted="0" disconnected="0" warning="0" passed="0" completed="0" inProgress="0" pending="0" />
  </ResultSummary>
  <Times creation="2013-10-09T20:41:14.4218750-07:00" queuing="2013-10-09T20:41:16.2812500-07:00" start="2013-10-09T20:41:16.5000000-07:00" finish="2013-10-09T20:41:17.7031250-07:00" />
  <TestDefinitions>
    <UnitTest name="TestTrimText" storage="c:\documents and settings\administrator\my documents\visual studio 2008\projects\knguyensamplecode\unittest\bin\debug\unittest.dll" id="7dc2bb5e-a7fa-e6dd-31ae-58cf204cf364">
      <Css projectStructure="" iteration="" />
      <Owners>
        <Owner name="" />
      </Owners>
      <Execution id="2b3e613e-48c3-4907-9b22-2af1de3cadba" />
      <TestMethod codeBase="C:\Documents and Settings\Administrator\My Documents\Visual Studio 2008\Projects\KNguyenSampleCode\UnitTest\bin\Debug\UnitTest.dll" adapterTypeName="Microsoft.VisualStudio.TestTools.TestTypes.Unit.UnitTestAdapter, Microsoft.VisualStudio.QualityTools.Tips.UnitTest.Adapter, Version=9.0.0.0, Culture=neutral, PublicKeyToken=b03f5f7f11d50a3a" className="UnitTest.UnitTest, UnitTest" name="TestTrimText" />
    </UnitTest>
  </TestDefinitions>
  <TestLists>
    <TestList name="Results Not in a List" id="8c84fa94-04c1-424b-9868-57a2d4851a1d" />
    <TestList name="All Loaded Results" id="19431567-8539-422a-85d7-44ee4e166bda" />
  </TestLists>
  <TestEntries>
    <TestEntry testId="7dc2bb5e-a7fa-e6dd-31ae-58cf204cf364" executionId="2b3e613e-48c3-4907-9b22-2af1de3cadba" testListId="8c84fa94-04c1-424b-9868-57a2d4851a1d" />
  </TestEntries>
  <Results>
    <UnitTestResult executionId="2b3e613e-48c3-4907-9b22-2af1de3cadba" testId="7dc2bb5e-a7fa-e6dd-31ae-58cf204cf364" testName="TestTrimText" computerName="KEN-006" duration="00:00:00.1361969" startTime="2013-10-09T20:41:16.5468750-07:00" endTime="2013-10-09T20:41:17.6406250-07:00" testType="13cdc9d9-ddb5-4fa4-a97d-d965ccfc6d4b" outcome="Failed" testListId="8c84fa94-04c1-424b-9868-57a2d4851a1d">
      <Output>
        <ErrorInfo>
          <Message>Assert.AreEqual failed. Expected:&lt;
hello world
&gt;. Actual:&lt;
hello world
&gt;. </Message>
          <StackTrace>   at UnitTest.UnitTest.TestTrimText() in C:\Documents and Settings\Administrator\My Documents\Visual Studio 2008\Projects\KNguyenSampleCode\UnitTest\UnitTest.cs:line 89
</StackTrace>
        </ErrorInfo>
      </Output>
    </UnitTestResult>
  </Results>
</TestRun>