<?xml version="1.0" encoding="UTF-8"?>
<TestRun id="d2ba8de9-0c22-4082-9726-7cecc6cb76a4" name="k.nguyen@KEN-006 2013-10-09 19:40:02" runUser="KEN-006\k.nguyen" xmlns="http://microsoft.com/schemas/VisualStudio/TeamTest/2006">
  <TestRunConfiguration name="Local Test Run" id="0f35ceb9-5ee1-4249-8e3b-9c879c827d3b">
    <Description>This is a default test run configuration for a local test run.</Description>
    <Deployment runDeploymentRoot="C:\Documents and Settings\Administrator\My Documents\Visual Studio 2008\Projects\KNguyenSampleCode\TestResults\k.nguyen_KEN-006 2013-10-09 19_40_02">
      <DeploymentItem filename="C:\Documents and Settings\Administrator\My Documents\Visual Studio 2008\Projects\KNguyenSampleCode\bin\Debug\KNguyenSampleCode.exe" />
    </Deployment>
    <TestTypeSpecific />
  </TestRunConfiguration>
  <ResultSummary outcome="Completed">
    <Counters total="1" executed="1" passed="1" error="0" failed="0" timeout="0" aborted="0" inconclusive="0" passedButRunAborted="0" notRunnable="0" notExecuted="0" disconnected="0" warning="0" completed="0" inProgress="0" pending="0" />
  </ResultSummary>
  <Times creation="2013-10-09T19:40:02.6406250-07:00" queuing="2013-10-09T19:40:03.2500000-07:00" start="2013-10-09T19:40:03.3906250-07:00" finish="2013-10-09T19:40:04.4531250-07:00" />
  <TestDefinitions>
    <UnitTest name="TestTrimText" storage="c:\documents and settings\administrator\my documents\visual studio 2008\projects\knguyensamplecode\unittest\bin\debug\unittest.dll" id="7dc2bb5e-a7fa-e6dd-31ae-58cf204cf364">
      <Css projectStructure="" iteration="" />
      <Owners>
        <Owner name="" />
      </Owners>
      <Execution id="9acce662-a411-436c-8824-4ff65c01069d" />
      <TestMethod codeBase="C:\Documents and Settings\Administrator\My Documents\Visual Studio 2008\Projects\KNguyenSampleCode\UnitTest\bin\Debug\UnitTest.dll" adapterTypeName="Microsoft.VisualStudio.TestTools.TestTypes.Unit.UnitTestAdapter, Microsoft.VisualStudio.QualityTools.Tips.UnitTest.Adapter, Version=9.0.0.0, Culture=neutral, PublicKeyToken=b03f5f7f11d50a3a" className="UnitTest.UnitTest, UnitTest" name="TestTrimText" />
    </UnitTest>
  </TestDefinitions>
  <TestLists>
    <TestList name="Results Not in a List" id="8c84fa94-04c1-424b-9868-57a2d4851a1d" />
    <TestList name="All Loaded Results" id="19431567-8539-422a-85d7-44ee4e166bda" />
  </TestLists>
  <TestEntries>
    <TestEntry testId="7dc2bb5e-a7fa-e6dd-31ae-58cf204cf364" executionId="9acce662-a411-436c-8824-4ff65c01069d" testListId="8c84fa94-04c1-424b-9868-57a2d4851a1d" />
  </TestEntries>
  <Results>
    <UnitTestResult executionId="9acce662-a411-436c-8824-4ff65c01069d" testId="7dc2bb5e-a7fa-e6dd-31ae-58cf204cf364" testName="TestTrimText" computerName="KEN-006" duration="00:00:00.0980311" startTime="2013-10-09T19:40:03.4843750-07:00" endTime="2013-10-09T19:40:04.3593750-07:00" testType="13cdc9d9-ddb5-4fa4-a97d-d965ccfc6d4b" outcome="Passed" testListId="8c84fa94-04c1-424b-9868-57a2d4851a1d">
      <Output>
      </Output>
    </UnitTestResult>
  </Results>
</TestRun>