<?xml version="1.0" encoding="UTF-8"?>
<TestRun id="08073626-9d8e-4e4f-9f7e-24cd8a2f012d" name="k.nguyen@KEN-006 2013-10-09 19:06:07" runUser="KEN-006\k.nguyen" xmlns="http://microsoft.com/schemas/VisualStudio/TeamTest/2006">
  <TestRunConfiguration name="Local Test Run" id="0f35ceb9-5ee1-4249-8e3b-9c879c827d3b">
    <Description>This is a default test run configuration for a local test run.</Description>
    <Deployment userDeploymentRoot="C:\Documents and Settings\Administrator\My Documents\Visual Studio 2008\Projects\KNguyenSampleCode\TestResults" useDefaultDeploymentRoot="false" runDeploymentRoot="C:\Documents and Settings\Administrator\My Documents\Visual Studio 2008\Projects\KNguyenSampleCode\TestResults\k.nguyen_KEN-006 2013-10-09 19_06_07">
      <DeploymentItem filename="C:\Documents and Settings\Administrator\My Documents\Visual Studio 2008\Projects\KNguyenSampleCode\bin\Debug\KNguyenSampleCode.exe" />
    </Deployment>
    <TestTypeSpecific />
  </TestRunConfiguration>
  <ResultSummary outcome="Completed">
    <Counters total="2" executed="2" passed="2" error="0" failed="0" timeout="0" aborted="0" inconclusive="0" passedButRunAborted="0" notRunnable="0" notExecuted="0" disconnected="0" warning="0" completed="0" inProgress="0" pending="0" />
  </ResultSummary>
  <Times creation="2013-10-09T19:06:07.6250000-07:00" queuing="2013-10-09T19:06:08.3125000-07:00" start="2013-10-09T19:06:08.4687500-07:00" finish="2013-10-09T19:06:09.6093750-07:00" />
  <TestDefinitions>
    <UnitTest name="TestAlphaNumericSpaces" storage="c:\documents and settings\administrator\my documents\visual studio 2008\projects\knguyensamplecode\unittest\bin\debug\unittest.dll" id="4c2d87ee-9d85-9a83-e161-866e0dc831da">
      <Css projectStructure="" iteration="" />
      <Owners>
        <Owner name="" />
      </Owners>
      <Execution id="20143372-55b9-49f9-8a0f-10e0f09f4622" />
      <TestMethod codeBase="C:\Documents and Settings\Administrator\My Documents\Visual Studio 2008\Projects\KNguyenSampleCode\UnitTest\bin\Debug\UnitTest.dll" adapterTypeName="Microsoft.VisualStudio.TestTools.TestTypes.Unit.UnitTestAdapter, Microsoft.VisualStudio.QualityTools.Tips.UnitTest.Adapter, Version=9.0.0.0, Culture=neutral, PublicKeyToken=b03f5f7f11d50a3a" className="UnitTest.UnitTest, UnitTest" name="TestAlphaNumericSpaces" />
    </UnitTest>
    <UnitTest name="TestAlphaNumeric" storage="c:\documents and settings\administrator\my documents\visual studio 2008\projects\knguyensamplecode\unittest\bin\debug\unittest.dll" id="510188cc-2382-a291-93cb-9982d136c2e3">
      <Css projectStructure="" iteration="" />
      <Owners>
        <Owner name="" />
      </Owners>
      <Execution id="17b3205b-37f5-4f40-b627-6e04e25dd98e" />
      <TestMethod codeBase="C:\Documents and Settings\Administrator\My Documents\Visual Studio 2008\Projects\KNguyenSampleCode\UnitTest\bin\Debug\UnitTest.dll" adapterTypeName="Microsoft.VisualStudio.TestTools.TestTypes.Unit.UnitTestAdapter, Microsoft.VisualStudio.QualityTools.Tips.UnitTest.Adapter, Version=9.0.0.0, Culture=neutral, PublicKeyToken=b03f5f7f11d50a3a" className="UnitTest.UnitTest, UnitTest" name="TestAlphaNumeric" />
    </UnitTest>
  </TestDefinitions>
  <TestLists>
    <TestList name="Results Not in a List" id="8c84fa94-04c1-424b-9868-57a2d4851a1d" />
    <TestList name="All Loaded Results" id="19431567-8539-422a-85d7-44ee4e166bda" />
  </TestLists>
  <TestEntries>
    <TestEntry testId="4c2d87ee-9d85-9a83-e161-866e0dc831da" executionId="20143372-55b9-49f9-8a0f-10e0f09f4622" testListId="8c84fa94-04c1-424b-9868-57a2d4851a1d" />
    <TestEntry testId="510188cc-2382-a291-93cb-9982d136c2e3" executionId="17b3205b-37f5-4f40-b627-6e04e25dd98e" testListId="8c84fa94-04c1-424b-9868-57a2d4851a1d" />
  </TestEntries>
  <Results>
    <UnitTestResult executionId="20143372-55b9-49f9-8a0f-10e0f09f4622" testId="4c2d87ee-9d85-9a83-e161-866e0dc831da" testName="TestAlphaNumericSpaces" computerName="KEN-006" duration="00:00:00.0317777" startTime="2013-10-09T19:06:08.5468750-07:00" endTime="2013-10-09T19:06:09.5156250-07:00" testType="13cdc9d9-ddb5-4fa4-a97d-d965ccfc6d4b" outcome="Passed" testListId="8c84fa94-04c1-424b-9868-57a2d4851a1d">
      <Output>
      </Output>
    </UnitTestResult>
    <UnitTestResult executionId="17b3205b-37f5-4f40-b627-6e04e25dd98e" testId="510188cc-2382-a291-93cb-9982d136c2e3" testName="TestAlphaNumeric" computerName="KEN-006" duration="00:00:00.0006065" startTime="2013-10-09T19:06:09.5156250-07:00" endTime="2013-10-09T19:06:09.5156250-07:00" testType="13cdc9d9-ddb5-4fa4-a97d-d965ccfc6d4b" outcome="Passed" testListId="8c84fa94-04c1-424b-9868-57a2d4851a1d">
      <Output>
      </Output>
    </UnitTestResult>
  </Results>
</TestRun>